Determining if the pthread_create exist failed with the following output:
Change Dir: /home/karinemiras/projects/revolve/cmake-build-debug/CMakeFiles/CMakeTmp

Run Build Command:"/usr/bin/gmake" "cmTC_28ccd/fast"
/usr/bin/gmake -f CMakeFiles/cmTC_28ccd.dir/build.make CMakeFiles/cmTC_28ccd.dir/build
gmake[1]: Entering directory '/home/karinemiras/projects/revolve/cmake-build-debug/CMakeFiles/CMakeTmp'
Building C object CMakeFiles/cmTC_28ccd.dir/CheckSymbolExists.c.o
/home/karinemiras/miniconda3/bin/x86_64-conda_cos6-linux-gnu-cc   -march=nocona -mtune=haswell -ftree-vectorize -fPIC -fstack-protector-strong -fno-plt -O2 -ffunction-sections -pipe    -o CMakeFiles/cmTC_28ccd.dir/CheckSymbolExists.c.o   -c /home/karinemiras/projects/revolve/cmake-build-debug/CMakeFiles/CMakeTmp/CheckSymbolExists.c
Linking C executable cmTC_28ccd
/home/karinemiras/Downloads/CLion-2018.3.4/clion-2018.3.4/bin/cmake/linux/bin/cmake -E cmake_link_script CMakeFiles/cmTC_28ccd.dir/link.txt --verbose=1
/home/karinemiras/miniconda3/bin/x86_64-conda_cos6-linux-gnu-cc -march=nocona -mtune=haswell -ftree-vectorize -fPIC -fstack-protector-strong -fno-plt -O2 -ffunction-sections -pipe   -Wl,-O2 -Wl,--sort-common -Wl,--as-needed -Wl,-z,relro -Wl,-z,now -Wl,--disable-new-dtags -Wl,--gc-sections  CMakeFiles/cmTC_28ccd.dir/CheckSymbolExists.c.o  -o cmTC_28ccd 
/home/karinemiras/miniconda3/bin/../lib/gcc/x86_64-conda_cos6-linux-gnu/7.3.0/../../../../x86_64-conda_cos6-linux-gnu/bin/ld: CMakeFiles/cmTC_28ccd.dir/CheckSymbolExists.c.o: in function `main':
CheckSymbolExists.c:(.text.startup.main+0x3): undefined reference to `pthread_create'
collect2: error: ld returned 1 exit status
gmake[1]: *** [CMakeFiles/cmTC_28ccd.dir/build.make:87: cmTC_28ccd] Error 1
gmake[1]: Leaving directory '/home/karinemiras/projects/revolve/cmake-build-debug/CMakeFiles/CMakeTmp'
gmake: *** [Makefile:121: cmTC_28ccd/fast] Error 2

File /home/karinemiras/projects/revolve/cmake-build-debug/CMakeFiles/CMakeTmp/CheckSymbolExists.c:
/* */
#include <pthread.h>

int main(int argc, char** argv)
{
  (void)argv;
#ifndef pthread_create
  return ((int*)(&pthread_create))[argc];
#else
  (void)argc;
  return 0;
#endif
}

Determining if the function pthread_create exists in the pthreads failed with the following output:
Change Dir: /home/karinemiras/projects/revolve/cmake-build-debug/CMakeFiles/CMakeTmp

Run Build Command:"/usr/bin/gmake" "cmTC_7453c/fast"
/usr/bin/gmake -f CMakeFiles/cmTC_7453c.dir/build.make CMakeFiles/cmTC_7453c.dir/build
gmake[1]: Entering directory '/home/karinemiras/projects/revolve/cmake-build-debug/CMakeFiles/CMakeTmp'
Building C object CMakeFiles/cmTC_7453c.dir/CheckFunctionExists.c.o
/home/karinemiras/miniconda3/bin/x86_64-conda_cos6-linux-gnu-cc   -march=nocona -mtune=haswell -ftree-vectorize -fPIC -fstack-protector-strong -fno-plt -O2 -ffunction-sections -pipe -DCHECK_FUNCTION_EXISTS=pthread_create   -o CMakeFiles/cmTC_7453c.dir/CheckFunctionExists.c.o   -c /home/karinemiras/Downloads/CLion-2018.3.4/clion-2018.3.4/bin/cmake/linux/share/cmake-3.13/Modules/CheckFunctionExists.c
Linking C executable cmTC_7453c
/home/karinemiras/Downloads/CLion-2018.3.4/clion-2018.3.4/bin/cmake/linux/bin/cmake -E cmake_link_script CMakeFiles/cmTC_7453c.dir/link.txt --verbose=1
/home/karinemiras/miniconda3/bin/x86_64-conda_cos6-linux-gnu-cc -march=nocona -mtune=haswell -ftree-vectorize -fPIC -fstack-protector-strong -fno-plt -O2 -ffunction-sections -pipe -DCHECK_FUNCTION_EXISTS=pthread_create  -Wl,-O2 -Wl,--sort-common -Wl,--as-needed -Wl,-z,relro -Wl,-z,now -Wl,--disable-new-dtags -Wl,--gc-sections  CMakeFiles/cmTC_7453c.dir/CheckFunctionExists.c.o  -o cmTC_7453c -lpthreads 
/home/karinemiras/miniconda3/bin/../lib/gcc/x86_64-conda_cos6-linux-gnu/7.3.0/../../../../x86_64-conda_cos6-linux-gnu/bin/ld: cannot find -lpthreads
collect2: error: ld returned 1 exit status
gmake[1]: *** [CMakeFiles/cmTC_7453c.dir/build.make:87: cmTC_7453c] Error 1
gmake[1]: Leaving directory '/home/karinemiras/projects/revolve/cmake-build-debug/CMakeFiles/CMakeTmp'
gmake: *** [Makefile:121: cmTC_7453c/fast] Error 2


