Determining if the pthread_create exist failed with the following output:
Change Dir: /home/karinemiras/projects/revolve/cmake-build-release/CMakeFiles/CMakeTmp

Run Build Command(s):/usr/bin/gmake cmTC_66fae/fast 
/usr/bin/gmake -f CMakeFiles/cmTC_66fae.dir/build.make CMakeFiles/cmTC_66fae.dir/build
gmake[1]: Entering directory '/home/karinemiras/projects/revolve/cmake-build-release/CMakeFiles/CMakeTmp'
Building C object CMakeFiles/cmTC_66fae.dir/CheckSymbolExists.c.o
/usr/bin/cc    -o CMakeFiles/cmTC_66fae.dir/CheckSymbolExists.c.o   -c /home/karinemiras/projects/revolve/cmake-build-release/CMakeFiles/CMakeTmp/CheckSymbolExists.c
Linking C executable cmTC_66fae
/usr/bin/cmake -E cmake_link_script CMakeFiles/cmTC_66fae.dir/link.txt --verbose=1
/usr/bin/cc      CMakeFiles/cmTC_66fae.dir/CheckSymbolExists.c.o  -o cmTC_66fae 
/usr/bin/ld: CMakeFiles/cmTC_66fae.dir/CheckSymbolExists.c.o: in function `main':
CheckSymbolExists.c:(.text+0x16): undefined reference to `pthread_create'
collect2: error: ld returned 1 exit status
gmake[1]: *** [CMakeFiles/cmTC_66fae.dir/build.make:87: cmTC_66fae] Error 1
gmake[1]: Leaving directory '/home/karinemiras/projects/revolve/cmake-build-release/CMakeFiles/CMakeTmp'
gmake: *** [Makefile:121: cmTC_66fae/fast] Error 2

File /home/karinemiras/projects/revolve/cmake-build-release/CMakeFiles/CMakeTmp/CheckSymbolExists.c:
/* */
#include <pthread.h>

int main(int argc, char** argv)
{
  (void)argv;
#ifndef pthread_create
  return ((int*)(&pthread_create))[argc];
#else
  (void)argc;
  return 0;
#endif
}

Determining if the function pthread_create exists in the pthreads failed with the following output:
Change Dir: /home/karinemiras/projects/revolve/cmake-build-release/CMakeFiles/CMakeTmp

Run Build Command(s):/usr/bin/gmake cmTC_1d44c/fast 
/usr/bin/gmake -f CMakeFiles/cmTC_1d44c.dir/build.make CMakeFiles/cmTC_1d44c.dir/build
gmake[1]: Entering directory '/home/karinemiras/projects/revolve/cmake-build-release/CMakeFiles/CMakeTmp'
Building C object CMakeFiles/cmTC_1d44c.dir/CheckFunctionExists.c.o
/usr/bin/cc   -DCHECK_FUNCTION_EXISTS=pthread_create   -o CMakeFiles/cmTC_1d44c.dir/CheckFunctionExists.c.o   -c /usr/share/cmake/Modules/CheckFunctionExists.c
Linking C executable cmTC_1d44c
/usr/bin/cmake -E cmake_link_script CMakeFiles/cmTC_1d44c.dir/link.txt --verbose=1
/usr/bin/cc  -DCHECK_FUNCTION_EXISTS=pthread_create    CMakeFiles/cmTC_1d44c.dir/CheckFunctionExists.c.o  -o cmTC_1d44c -lpthreads 
/usr/bin/ld: cannot find -lpthreads
collect2: error: ld returned 1 exit status
gmake[1]: *** [CMakeFiles/cmTC_1d44c.dir/build.make:87: cmTC_1d44c] Error 1
gmake[1]: Leaving directory '/home/karinemiras/projects/revolve/cmake-build-release/CMakeFiles/CMakeTmp'
gmake: *** [Makefile:121: cmTC_1d44c/fast] Error 2


